<?xml version="1.0" encoding="UTF-8"?>
<testng-results ignored="0" total="1" passed="1" failed="0" skipped="0">
  <reporter-output>
  </reporter-output>
  <suite started-at="2024-02-12T21:21:33 CST" name="Default suite" finished-at="2024-02-12T21:21:50 CST" duration-ms="16917">
    <groups>
    </groups>
    <test started-at="2024-02-12T21:21:33 CST" name="Default test" finished-at="2024-02-12T21:21:50 CST" duration-ms="16917">
      <class name="jaredsalinasAppium.AppiumQA.AppiumBasics">
        <test-method signature="AppiumTest()[pri:0, instance:jaredsalinasAppium.AppiumQA.AppiumBasics@143640d5]" started-at="2024-02-12T21:21:33 CST" name="AppiumTest" finished-at="2024-02-12T21:21:50 CST" duration-ms="16863" status="PASS">
          <reporter-output>
          </reporter-output>
        </test-method> <!-- AppiumTest -->
      </class> <!-- jaredsalinasAppium.AppiumQA.AppiumBasics -->
    </test> <!-- Default test -->
  </suite> <!-- Default suite -->
</testng-results>
